<?xml version="1.0" encoding="UTF-8"?>
<!-- Generated by org.testng.reporters.JUnitXMLReporter -->
<testsuite ignored="1" hostname="Shofins-MacBook-Pro.local" failures="0" tests="1" name="Web Test - Chrome Specific" time="67.76" errors="0" timestamp="2024-11-09T20:57:40 BDT">
  <testcase classname="web.SampleWebTest" name="testBingHomePage" time="6.613"/>
  <testcase classname="web.SampleWebTest" name="testGoogleHomePage" time="0.0">
    <ignored/>
  </testcase> <!-- testGoogleHomePage -->
</testsuite> <!-- Web Test - Chrome Specific -->
