<?xml version="1.0" encoding="UTF-8"?>
<!-- Generated by org.testng.reporters.JUnitXMLReporter -->
<testsuite ignored="1" hostname="Shofins-MacBook-Pro.local" failures="0" tests="1" name="Web Test - Firefox All" time="11.547" errors="0" timestamp="2024-11-09T20:56:44 BDT">
  <testcase classname="web.SampleWebTest" name="testGoogleHomePage" time="8.708"/>
  <testcase classname="web.SampleWebTest" name="testBingHomePage" time="0.0">
    <ignored/>
  </testcase> <!-- testBingHomePage -->
</testsuite> <!-- Web Test - Firefox All -->
