<?xml version="1.0" encoding="UTF-8"?>
<testng-results ignored="0" total="4" passed="4" failed="0" skipped="0">
  <reporter-output>
  </reporter-output>
  <suite started-at="2024-11-18T01:58:42 BDT" name="Parallel Execution Suite" finished-at="2024-11-18T01:59:03 BDT" duration-ms="21526">
    <groups>
    </groups>
    <test started-at="2024-11-18T01:58:42 BDT" name="Web Tests - chrome" finished-at="2024-11-18T01:59:03 BDT" duration-ms="21274">
      <class name="web.SampleWebTest">
        <test-method is-config="true" signature="setUp(java.lang.String,java.lang.String,java.lang.String,java.lang.String)[pri:0, instance:web.SampleWebTest@17497425]" started-at="2024-11-18T01:58:42 BDT" name="setUp" finished-at="2024-11-18T01:58:49 BDT" duration-ms="6975" status="PASS">
          <params>
            <param index="0">
              <value>
                <![CDATA[web]]>
              </value>
            </param>
            <param index="1">
              <value>
                <![CDATA[chrome]]>
              </value>
            </param>
            <param index="2">
              <value>
                <![CDATA[]]>
              </value>
            </param>
            <param index="3">
              <value>
                <![CDATA[]]>
              </value>
            </param>
          </params>
          <reporter-output>
          </reporter-output>
        </test-method> <!-- setUp -->
        <test-method signature="testBingHomePage()[pri:0, instance:web.SampleWebTest@17497425]" started-at="2024-11-18T01:58:49 BDT" name="testBingHomePage" finished-at="2024-11-18T01:58:55 BDT" duration-ms="6514" status="PASS">
          <reporter-output>
          </reporter-output>
        </test-method> <!-- testBingHomePage -->
        <test-method is-config="true" signature="tearDown()[pri:0, instance:web.SampleWebTest@17497425]" started-at="2024-11-18T01:58:55 BDT" name="tearDown" finished-at="2024-11-18T01:58:55 BDT" duration-ms="96" status="PASS">
          <reporter-output>
          </reporter-output>
        </test-method> <!-- tearDown -->
        <test-method is-config="true" signature="setUp(java.lang.String,java.lang.String,java.lang.String,java.lang.String)[pri:0, instance:web.SampleWebTest@17497425]" started-at="2024-11-18T01:58:55 BDT" name="setUp" finished-at="2024-11-18T01:58:56 BDT" duration-ms="590" status="PASS">
          <params>
            <param index="0">
              <value>
                <![CDATA[web]]>
              </value>
            </param>
            <param index="1">
              <value>
                <![CDATA[chrome]]>
              </value>
            </param>
            <param index="2">
              <value>
                <![CDATA[]]>
              </value>
            </param>
            <param index="3">
              <value>
                <![CDATA[]]>
              </value>
            </param>
          </params>
          <reporter-output>
          </reporter-output>
        </test-method> <!-- setUp -->
        <test-method signature="testGoogleHomePage()[pri:0, instance:web.SampleWebTest@17497425]" started-at="2024-11-18T01:58:56 BDT" name="testGoogleHomePage" finished-at="2024-11-18T01:59:03 BDT" duration-ms="7005" status="PASS">
          <reporter-output>
          </reporter-output>
        </test-method> <!-- testGoogleHomePage -->
        <test-method is-config="true" signature="tearDown()[pri:0, instance:web.SampleWebTest@17497425]" started-at="2024-11-18T01:59:03 BDT" name="tearDown" finished-at="2024-11-18T01:59:03 BDT" duration-ms="81" status="PASS">
          <reporter-output>
          </reporter-output>
        </test-method> <!-- tearDown -->
      </class> <!-- web.SampleWebTest -->
    </test> <!-- Web Tests - chrome -->
    <test started-at="2024-11-18T01:58:42 BDT" name="Web Tests - firefox" finished-at="2024-11-18T01:59:03 BDT" duration-ms="21526">
      <class name="web.SampleWebTest">
        <test-method is-config="true" signature="setUp(java.lang.String,java.lang.String,java.lang.String,java.lang.String)[pri:0, instance:web.SampleWebTest@750e2b97]" started-at="2024-11-18T01:58:42 BDT" name="setUp" finished-at="2024-11-18T01:58:47 BDT" duration-ms="5243" status="PASS">
          <params>
            <param index="0">
              <value>
                <![CDATA[web]]>
              </value>
            </param>
            <param index="1">
              <value>
                <![CDATA[firefox]]>
              </value>
            </param>
            <param index="2">
              <value>
                <![CDATA[]]>
              </value>
            </param>
            <param index="3">
              <value>
                <![CDATA[]]>
              </value>
            </param>
          </params>
          <reporter-output>
          </reporter-output>
        </test-method> <!-- setUp -->
        <test-method signature="testBingHomePage()[pri:0, instance:web.SampleWebTest@750e2b97]" started-at="2024-11-18T01:58:47 BDT" name="testBingHomePage" finished-at="2024-11-18T01:58:54 BDT" duration-ms="6654" status="PASS">
          <reporter-output>
          </reporter-output>
        </test-method> <!-- testBingHomePage -->
        <test-method is-config="true" signature="tearDown()[pri:0, instance:web.SampleWebTest@750e2b97]" started-at="2024-11-18T01:58:54 BDT" name="tearDown" finished-at="2024-11-18T01:58:54 BDT" duration-ms="355" status="PASS">
          <reporter-output>
          </reporter-output>
        </test-method> <!-- tearDown -->
        <test-method is-config="true" signature="setUp(java.lang.String,java.lang.String,java.lang.String,java.lang.String)[pri:0, instance:web.SampleWebTest@750e2b97]" started-at="2024-11-18T01:58:54 BDT" name="setUp" finished-at="2024-11-18T01:58:55 BDT" duration-ms="1074" status="PASS">
          <params>
            <param index="0">
              <value>
                <![CDATA[web]]>
              </value>
            </param>
            <param index="1">
              <value>
                <![CDATA[firefox]]>
              </value>
            </param>
            <param index="2">
              <value>
                <![CDATA[]]>
              </value>
            </param>
            <param index="3">
              <value>
                <![CDATA[]]>
              </value>
            </param>
          </params>
          <reporter-output>
          </reporter-output>
        </test-method> <!-- setUp -->
        <test-method signature="testGoogleHomePage()[pri:0, instance:web.SampleWebTest@750e2b97]" started-at="2024-11-18T01:58:55 BDT" name="testGoogleHomePage" finished-at="2024-11-18T01:59:03 BDT" duration-ms="7849" status="PASS">
          <reporter-output>
          </reporter-output>
        </test-method> <!-- testGoogleHomePage -->
        <test-method is-config="true" signature="tearDown()[pri:0, instance:web.SampleWebTest@750e2b97]" started-at="2024-11-18T01:59:03 BDT" name="tearDown" finished-at="2024-11-18T01:59:03 BDT" duration-ms="334" status="PASS">
          <reporter-output>
          </reporter-output>
        </test-method> <!-- tearDown -->
      </class> <!-- web.SampleWebTest -->
    </test> <!-- Web Tests - firefox -->
  </suite> <!-- Parallel Execution Suite -->
</testng-results>
