<?xml version="1.0" encoding="UTF-8"?>
<testng-results ignored="0" total="4" passed="4" failed="0" skipped="0">
  <reporter-output>
  </reporter-output>
  <suite started-at="2024-11-19T15:45:14 GMT+06:00" name="Parallel Execution Suite" finished-at="2024-11-19T15:45:33 GMT+06:00" duration-ms="19129">
    <groups>
    </groups>
    <test started-at="2024-11-19T15:45:14 GMT+06:00" name="Web Tests - chrome" finished-at="2024-11-19T15:45:30 GMT+06:00" duration-ms="16491">
      <class name="web.SampleWebTest">
        <test-method is-config="true" signature="setUp(java.lang.String,java.lang.String,java.lang.String,java.lang.String)[pri:0, instance:web.SampleWebTest@3febb011]" started-at="2024-11-19T15:45:14 GMT+06:00" name="setUp" finished-at="2024-11-19T15:45:16 GMT+06:00" duration-ms="1583" status="PASS">
          <params>
            <param index="0">
              <value>
                <![CDATA[web]]>
              </value>
            </param>
            <param index="1">
              <value>
                <![CDATA[chrome]]>
              </value>
            </param>
            <param index="2">
              <value>
                <![CDATA[]]>
              </value>
            </param>
            <param index="3">
              <value>
                <![CDATA[]]>
              </value>
            </param>
          </params>
          <reporter-output>
          </reporter-output>
        </test-method> <!-- setUp -->
        <test-method signature="testBingHomePage()[pri:0, instance:web.SampleWebTest@3febb011]" started-at="2024-11-19T15:45:16 GMT+06:00" name="testBingHomePage" finished-at="2024-11-19T15:45:22 GMT+06:00" duration-ms="6674" status="PASS">
          <reporter-output>
          </reporter-output>
        </test-method> <!-- testBingHomePage -->
        <test-method is-config="true" signature="tearDown()[pri:0, instance:web.SampleWebTest@3febb011]" started-at="2024-11-19T15:45:22 GMT+06:00" name="tearDown" finished-at="2024-11-19T15:45:22 GMT+06:00" duration-ms="116" status="PASS">
          <reporter-output>
          </reporter-output>
        </test-method> <!-- tearDown -->
        <test-method is-config="true" signature="setUp(java.lang.String,java.lang.String,java.lang.String,java.lang.String)[pri:0, instance:web.SampleWebTest@3febb011]" started-at="2024-11-19T15:45:22 GMT+06:00" name="setUp" finished-at="2024-11-19T15:45:23 GMT+06:00" duration-ms="747" status="PASS">
          <params>
            <param index="0">
              <value>
                <![CDATA[web]]>
              </value>
            </param>
            <param index="1">
              <value>
                <![CDATA[chrome]]>
              </value>
            </param>
            <param index="2">
              <value>
                <![CDATA[]]>
              </value>
            </param>
            <param index="3">
              <value>
                <![CDATA[]]>
              </value>
            </param>
          </params>
          <reporter-output>
          </reporter-output>
        </test-method> <!-- setUp -->
        <test-method signature="testGoogleHomePage()[pri:0, instance:web.SampleWebTest@3febb011]" started-at="2024-11-19T15:45:23 GMT+06:00" name="testGoogleHomePage" finished-at="2024-11-19T15:45:30 GMT+06:00" duration-ms="7255" status="PASS">
          <reporter-output>
          </reporter-output>
        </test-method> <!-- testGoogleHomePage -->
        <test-method is-config="true" signature="tearDown()[pri:0, instance:web.SampleWebTest@3febb011]" started-at="2024-11-19T15:45:30 GMT+06:00" name="tearDown" finished-at="2024-11-19T15:45:30 GMT+06:00" duration-ms="89" status="PASS">
          <reporter-output>
          </reporter-output>
        </test-method> <!-- tearDown -->
      </class> <!-- web.SampleWebTest -->
    </test> <!-- Web Tests - chrome -->
    <test started-at="2024-11-19T15:45:14 GMT+06:00" name="Web Tests - firefox" finished-at="2024-11-19T15:45:33 GMT+06:00" duration-ms="19129">
      <class name="web.SampleWebTest">
        <test-method is-config="true" signature="setUp(java.lang.String,java.lang.String,java.lang.String,java.lang.String)[pri:0, instance:web.SampleWebTest@411f53a0]" started-at="2024-11-19T15:45:14 GMT+06:00" name="setUp" finished-at="2024-11-19T15:45:16 GMT+06:00" duration-ms="1958" status="PASS">
          <params>
            <param index="0">
              <value>
                <![CDATA[web]]>
              </value>
            </param>
            <param index="1">
              <value>
                <![CDATA[firefox]]>
              </value>
            </param>
            <param index="2">
              <value>
                <![CDATA[]]>
              </value>
            </param>
            <param index="3">
              <value>
                <![CDATA[]]>
              </value>
            </param>
          </params>
          <reporter-output>
          </reporter-output>
        </test-method> <!-- setUp -->
        <test-method signature="testBingHomePage()[pri:0, instance:web.SampleWebTest@411f53a0]" started-at="2024-11-19T15:45:16 GMT+06:00" name="testBingHomePage" finished-at="2024-11-19T15:45:23 GMT+06:00" duration-ms="6846" status="PASS">
          <reporter-output>
          </reporter-output>
        </test-method> <!-- testBingHomePage -->
        <test-method is-config="true" signature="tearDown()[pri:0, instance:web.SampleWebTest@411f53a0]" started-at="2024-11-19T15:45:23 GMT+06:00" name="tearDown" finished-at="2024-11-19T15:45:23 GMT+06:00" duration-ms="635" status="PASS">
          <reporter-output>
          </reporter-output>
        </test-method> <!-- tearDown -->
        <test-method is-config="true" signature="setUp(java.lang.String,java.lang.String,java.lang.String,java.lang.String)[pri:0, instance:web.SampleWebTest@411f53a0]" started-at="2024-11-19T15:45:23 GMT+06:00" name="setUp" finished-at="2024-11-19T15:45:25 GMT+06:00" duration-ms="1403" status="PASS">
          <params>
            <param index="0">
              <value>
                <![CDATA[web]]>
              </value>
            </param>
            <param index="1">
              <value>
                <![CDATA[firefox]]>
              </value>
            </param>
            <param index="2">
              <value>
                <![CDATA[]]>
              </value>
            </param>
            <param index="3">
              <value>
                <![CDATA[]]>
              </value>
            </param>
          </params>
          <reporter-output>
          </reporter-output>
        </test-method> <!-- setUp -->
        <test-method signature="testGoogleHomePage()[pri:0, instance:web.SampleWebTest@411f53a0]" started-at="2024-11-19T15:45:25 GMT+06:00" name="testGoogleHomePage" finished-at="2024-11-19T15:45:33 GMT+06:00" duration-ms="7875" status="PASS">
          <reporter-output>
          </reporter-output>
        </test-method> <!-- testGoogleHomePage -->
        <test-method is-config="true" signature="tearDown()[pri:0, instance:web.SampleWebTest@411f53a0]" started-at="2024-11-19T15:45:33 GMT+06:00" name="tearDown" finished-at="2024-11-19T15:45:33 GMT+06:00" duration-ms="398" status="PASS">
          <reporter-output>
          </reporter-output>
        </test-method> <!-- tearDown -->
      </class> <!-- web.SampleWebTest -->
    </test> <!-- Web Tests - firefox -->
  </suite> <!-- Parallel Execution Suite -->
</testng-results>
